2109-03-31 15:11:32å‹ç¼©æ–‡ä»¶done
2109-03-31 15:11:32å‹ç¼©æ–‡ä»¶done
2109-03-31 15:11:32å‹ç¼©æ–‡ä»¶done
2109-03-31 15:11:32å‹ç¼©æ–‡ä»¶done
2109-03-31 15:11:32å‹ç¼©æ–‡ä»¶done
2109-03-31 15:11:35å‹ç¼©æ–‡ä»¶done
2109-03-31 15:11:42å‹ç¼©æ–‡ä»¶done
2109-03-31 15:11:42å‹ç¼©æ–‡ä»¶done
2109-03-31 15:11:43å‹ç¼©æ–‡ä»¶done
2109-03-31 15:11:43å‹ç¼©æ–‡ä»¶done
2109-03-31 15:11:45delete ../log/cpu.log-29.gz ok!
2109-03-31 15:11:45delete ../log/cpu.log-14.gz ok!
2109-03-31 15:11:45delete ../log/cpu.log-6.gz ok!
2109-03-31 15:11:45delete ../log/cpu.log-25.gz ok!
2109-03-31 15:11:45delete ../log/cpu.log-9.gz ok!
2109-03-31 15:11:45delete ../log/cpu.log-22.gz ok!
2109-03-31 15:11:45delete ../log/cpu.log-21.gz ok!
2109-03-31 15:11:45delete ../log/cpu.log-1.gz ok!
2109-03-31 15:11:45delete ../log/cpu.log-17.gz ok!
2109-03-31 15:11:45delete ../log/cpu.log-16.gz ok!
2109-03-31 15:11:45delete ../log/cpu.log-23.gz ok!
2109-03-31 15:11:45delete ../log/cpu.log-13.gz ok!
2109-03-31 15:11:45delete ../log/cpu.log-27.gz ok!
2109-03-31 15:11:45delete ../log/cpu.log-24.gz ok!
2109-03-31 15:11:45delete ../log/cpu.log-3.gz ok!
2109-03-31 15:11:45delete ../log/cpu.log-0.gz ok!
2109-03-31 15:11:45delete ../log/cpu.log-20.gz ok!
2109-03-31 15:11:45delete ../log/cpu.log-28.gz ok!
2109-03-31 15:11:45delete ../log/cpu.log-10.gz ok!
2109-03-31 15:11:45delete ../log/cpu.log-19.gz ok!
2109-03-31 15:11:45delete ../log/cpu.log-7.gz ok!
2109-03-31 15:11:45delete ../log/cpu.log-15.gz ok!
2109-03-31 15:11:45delete ../log/cpu.log-2.gz ok!
2109-03-31 15:11:45delete ../log/cpu.log-4.gz ok!
2109-03-31 15:11:45delete ../log/cpu.log-11.gz ok!
2109-03-31 15:11:45delete ../log/cpu.log-8.gz ok!
2109-03-31 15:11:45delete ../log/cpu.log-12.gz ok!
2109-03-31 15:11:45delete ../log/cpu.log-18.gz ok!
2109-03-31 15:11:45delete ../log/cpu.log-26.gz ok!
2109-03-31 15:11:45delete ../log/cpu.log-5.gz ok!
2109-03-31 15:11:45delete ../log/mem.log-30.gz ok!
2109-03-31 15:11:45delete ../log/mem.log-13.gz ok!
2109-03-31 15:11:45delete ../log/mem.log-4.gz ok!
2109-03-31 15:11:45delete ../log/mem.log-5.gz ok!
2109-03-31 15:11:45delete ../log/mem.log-16.gz ok!
2109-03-31 15:11:45delete ../log/mem.log-9.gz ok!
2109-03-31 15:11:45delete ../log/mem.log-21.gz ok!
2109-03-31 15:11:45delete ../log/mem.log-37.gz ok!
2109-03-31 15:11:45delete ../log/mem.log-17.gz ok!
2109-03-31 15:11:45delete ../log/mem.log-24.gz ok!
2109-03-31 15:11:45delete ../log/mem.log-36.gz ok!
2109-03-31 15:11:45delete ../log/mem.log-20.gz ok!
2109-03-31 15:11:45delete ../log/mem.log-0.gz ok!
2109-03-31 15:11:45delete ../log/mem.log-23.gz ok!
2109-03-31 15:11:45delete ../log/mem.log-8.gz ok!
2109-03-31 15:11:45delete ../log/mem.log-33.gz ok!
2109-03-31 15:11:45delete ../log/mem.log-19.gz ok!
2109-03-31 15:11:45delete ../log/mem.log-12.gz ok!
2109-03-31 15:11:45delete ../log/mem.log-38.gz ok!
2109-03-31 15:11:45delete ../log/mem.log-28.gz ok!
2109-03-31 15:11:45delete ../log/mem.log-22.gz ok!
2109-03-31 15:11:45delete ../log/mem.log-2.gz ok!
2109-03-31 15:11:45delete ../log/mem.log-18.gz ok!
2109-03-31 15:11:45delete ../log/mem.log-14.gz ok!
2109-03-31 15:11:45delete ../log/mem.log-29.gz ok!
2109-03-31 15:11:45delete ../log/mem.log-3.gz ok!
2109-03-31 15:11:45delete ../log/mem.log-7.gz ok!
2109-03-31 15:11:45delete ../log/mem.log-34.gz ok!
2109-03-31 15:11:45delete ../log/mem.log-11.gz ok!
2109-03-31 15:11:45delete ../log/mem.log-6.gz ok!
2109-03-31 15:11:45delete ../log/mem.log-15.gz ok!
2109-03-31 15:11:45delete ../log/mem.log-27.gz ok!
2109-03-31 15:11:45delete ../log/mem.log-25.gz ok!
2109-03-31 15:11:45delete ../log/mem.log-32.gz ok!
2109-03-31 15:11:45delete ../log/mem.log-35.gz ok!
2109-03-31 15:11:45delete ../log/mem.log-26.gz ok!
2109-03-31 15:11:45delete ../log/mem.log-31.gz ok!
2109-03-31 15:11:45delete ../log/mem.log-10.gz ok!
2109-03-31 15:11:45delete ../log/mem.log-1.gz ok!
2109-03-31 15:11:45delete ../log/disk.log-0.gz ok!
2109-03-31 15:11:45delete ../log/disk.log-2.gz ok!
2109-03-31 15:11:45delete ../log/disk.log-3.gz ok!
2109-03-31 15:11:45delete ../log/disk.log-1.gz ok!
2109-03-31 15:11:45delete ../log/ps.log-24.gz ok!
2109-03-31 15:11:45delete ../log/ps.log-25.gz ok!
2109-03-31 15:11:45delete ../log/ps.log-21.gz ok!
2109-03-31 15:11:45delete ../log/ps.log-13.gz ok!
2109-03-31 15:11:45delete ../log/ps.log-2.gz ok!
2109-03-31 15:11:45delete ../log/ps.log-16.gz ok!
2109-03-31 15:11:45delete ../log/ps.log-9.gz ok!
2109-03-31 15:11:45delete ../log/ps.log-20.gz ok!
2109-03-31 15:11:45delete ../log/ps.log-7.gz ok!
2109-03-31 15:11:45delete ../log/ps.log-27.gz ok!
2109-03-31 15:11:45delete ../log/ps.log-8.gz ok!
2109-03-31 15:11:45delete ../log/ps.log-14.gz ok!
2109-03-31 15:11:45delete ../log/ps.log-23.gz ok!
2109-03-31 15:11:45fopen error
2109-03-31 15:11:48å‹ç¼©æ–‡ä»¶done
2109-03-31 15:11:52å‹ç¼©æ–‡ä»¶done
2109-03-31 15:11:53å‹ç¼©æ–‡ä»¶done
2109-03-31 15:11:53å‹ç¼©æ–‡ä»¶done
2109-03-31 15:11:53å‹ç¼©æ–‡ä»¶done
2109-03-31 15:11:58å‹ç¼©æ–‡ä»¶done
2109-03-31 15:12:00
è‡ªæ£€è¶…è¿‡[33m10[0mæ¬¡,masteræœªå¿ƒè·³
2109-03-31 15:12:00å‘é€ä¿¡å·ready,start heart beat!
2109-03-31 15:12:00å‹ç¼©æ–‡ä»¶done
2109-03-31 15:12:03å‹ç¼©æ–‡ä»¶done
2109-03-31 15:12:03å‹ç¼©æ–‡ä»¶done
2109-03-31 15:12:03å‹ç¼©æ–‡ä»¶done
2109-03-31 15:12:05delete ../log/cpu.log-1.gz ok!
2109-03-31 15:12:05delete ../log/cpu.log-2.gz ok!
2109-03-31 15:12:05delete ../log/mem.log-2.gz ok!
2109-03-31 15:12:05delete ../log/mem.log-3.gz ok!
2109-03-31 15:12:05delete ../log/disk.log-2.gz ok!
2109-03-31 15:12:05delete ../log/disk.log-3.gz ok!
2109-03-31 15:12:05fopen error
2109-03-31 15:12:13å‹ç¼©æ–‡ä»¶done
2109-03-31 15:12:13å‹ç¼©æ–‡ä»¶done
2109-03-31 15:12:13å‹ç¼©æ–‡ä»¶done
2109-03-31 15:12:13å‹ç¼©æ–‡ä»¶done
2109-03-31 15:12:13å‹ç¼©æ–‡ä»¶done
2109-03-31 15:12:23å‹ç¼©æ–‡ä»¶done
2109-03-31 15:12:23å‹ç¼©æ–‡ä»¶done
2109-03-31 15:12:23å‹ç¼©æ–‡ä»¶done
2109-03-31 15:12:25delete ../log/cpu.log-3.gz ok!
2109-03-31 15:12:25delete ../log/mem.log-4.gz ok!
2109-03-31 15:12:25delete ../log/mem.log-5.gz ok!
2109-03-31 15:12:25delete disk.log ok!
2109-03-31 15:12:25delete ../log/ps.log-2.gz ok!
2109-03-31 15:12:25delete ../log/ps.log-1.gz ok!
2109-03-31 15:12:25delete ../log/ps.log-28.gz ok!
2109-03-31 15:12:25delete ../log/ps.log-19.gz ok!
2109-03-31 15:12:25delete ../log/ps.log-3.gz ok!
2109-03-31 15:12:25delete ../log/ps.log-12.gz ok!
2109-03-31 15:12:25delete ../log/ps.log-11.gz ok!
2109-03-31 15:12:25delete ../log/ps.log-22.gz ok!
2109-03-31 15:12:25delete ../log/ps.log-4.gz ok!
2109-03-31 15:12:25delete ../log/ps.log-6.gz ok!
2109-03-31 15:12:25delete ../log/ps.log-0.gz ok!
2109-03-31 15:12:25delete ../log/ps.log-26.gz ok!
2109-03-31 15:12:25delete ../log/ps.log-5.gz ok!
2109-03-31 15:12:25delete ../log/ps.log-15.gz ok!
2109-03-31 15:12:25delete ../log/ps.log-18.gz ok!
2109-03-31 15:12:25delete ../log/ps.log-10.gz ok!
2109-03-31 15:12:25delete ../log/ps.log-17.gz ok!
2109-03-31 15:12:25delete ../log/sysinfo.log-7.gz ok!
2109-03-31 15:12:25delete ../log/sysinfo.log-10.gz ok!
2109-03-31 15:12:25delete ../log/sysinfo.log-6.gz ok!
2109-03-31 15:12:25delete ../log/sysinfo.log-5.gz ok!
2109-03-31 15:12:25delete ../log/sysinfo.log-4.gz ok!
2109-03-31 15:12:25delete ../log/sysinfo.log-1.gz ok!
2109-03-31 15:12:25delete ../log/sysinfo.log-0.gz ok!
2109-03-31 15:12:25delete ../log/sysinfo.log-8.gz ok!
2109-03-31 15:12:25delete ../log/sysinfo.log-9.gz ok!
2109-03-31 15:12:25delete ../log/sysinfo.log-3.gz ok!
2109-03-31 15:12:25delete ../log/sysinfo.log-2.gz ok!
2109-03-31 15:12:25delete ../log/userinfo.log-18.gz ok!
2109-03-31 15:12:25delete ../log/userinfo.log-2.gz ok!
2109-03-31 15:12:25delete ../log/userinfo.log-17.gz ok!
2109-03-31 15:12:25delete ../log/userinfo.log-3.gz ok!
2109-03-31 15:12:25delete ../log/userinfo.log-20.gz ok!
2109-03-31 15:12:25delete ../log/userinfo.log-11.gz ok!
2109-03-31 15:12:25delete ../log/userinfo.log-7.gz ok!
2109-03-31 15:12:25delete ../log/userinfo.log-22.gz ok!
2109-03-31 15:12:25delete ../log/userinfo.log-4.gz ok!
2109-03-31 15:12:25delete ../log/userinfo.log-14.gz ok!
2109-03-31 15:12:25delete ../log/userinfo.log-6.gz ok!
2109-03-31 15:12:25delete ../log/userinfo.log-0.gz ok!
2109-03-31 15:12:25delete ../log/userinfo.log-5.gz ok!
2109-03-31 15:12:25delete ../log/userinfo.log-21.gz ok!
2109-03-31 15:12:25delete ../log/userinfo.log-19.gz ok!
2109-03-31 15:12:25delete ../log/userinfo.log-10.gz ok!
2109-03-31 15:12:25delete ../log/userinfo.log-1.gz ok!
2109-03-31 15:12:25delete ../log/userinfo.log-13.gz ok!
2109-03-31 15:12:25delete ../log/userinfo.log-15.gz ok!
2109-03-31 15:12:25delete ../log/userinfo.log-12.gz ok!
2109-03-31 15:12:25delete ../log/userinfo.log-16.gz ok!
2109-03-31 15:12:25delete ../log/userinfo.log-9.gz ok!
2109-03-31 15:12:25delete ../log/userinfo.log-8.gz ok!
2109-03-31 15:12:25å‹ç¼©æ–‡ä»¶done
2109-03-31 15:12:28å‹ç¼©æ–‡ä»¶done
2109-03-31 15:12:33å‹ç¼©æ–‡ä»¶done
2109-03-31 15:12:33å‹ç¼©æ–‡ä»¶done
2109-03-31 15:12:33å‹ç¼©æ–‡ä»¶done
2109-03-31 15:12:38å‹ç¼©æ–‡ä»¶done
2109-03-31 15:12:43å‹ç¼©æ–‡ä»¶done
2109-03-31 15:12:43å‹ç¼©æ–‡ä»¶done
2109-03-31 15:12:43å‹ç¼©æ–‡ä»¶done
2109-03-31 15:12:44å‹ç¼©æ–‡ä»¶done
2109-03-31 15:12:51å‹ç¼©æ–‡ä»¶done
2109-03-31 15:12:53å‹ç¼©æ–‡ä»¶done
2109-03-31 15:12:54å‹ç¼©æ–‡ä»¶done
2109-03-31 15:12:54å‹ç¼©æ–‡ä»¶done
2109-03-31 15:12:59å‹ç¼©æ–‡ä»¶done
2109-03-31 15:13:03å‹ç¼©æ–‡ä»¶done
2109-03-31 15:13:03
è‡ªæ£€è¶…è¿‡[33m10[0mæ¬¡,masteræœªå¿ƒè·³
2109-03-31 15:13:03å‘é€ä¿¡å·ready,start heart beat!
2109-03-31 15:13:03å‹ç¼©æ–‡ä»¶done
2109-03-31 15:13:04å‹ç¼©æ–‡ä»¶done
2109-03-31 15:13:04å‹ç¼©æ–‡ä»¶done
2109-03-31 15:13:13å‹ç¼©æ–‡ä»¶done
2109-03-31 15:13:14å‹ç¼©æ–‡ä»¶done
2109-03-31 15:13:14å‹ç¼©æ–‡ä»¶done
2109-03-31 15:13:16å‹ç¼©æ–‡ä»¶done
2109-03-31 15:13:23å‹ç¼©æ–‡ä»¶done
2109-03-31 15:13:24å‹ç¼©æ–‡ä»¶done
2109-03-31 15:13:28å‹ç¼©æ–‡ä»¶done
2109-03-31 15:13:29å‹ç¼©æ–‡ä»¶done
2109-03-31 15:13:33å‹ç¼©æ–‡ä»¶done
2109-03-31 15:13:34å‹ç¼©æ–‡ä»¶done
2109-03-31 15:13:41
è‡ªæ£€è¶…è¿‡[33m10[0mæ¬¡,masteræœªå¿ƒè·³
2109-03-31 15:13:41å‘é€ä¿¡å·ready,start heart beat!
2109-03-31 15:13:41å‹ç¼©æ–‡ä»¶done
2109-03-31 15:13:43å‹ç¼©æ–‡ä»¶done
2109-03-31 15:13:44å‹ç¼©æ–‡ä»¶done
2109-03-31 15:13:44å‹ç¼©æ–‡ä»¶done
2109-03-31 15:13:53å‹ç¼©æ–‡ä»¶done
2109-03-31 15:13:53å‹ç¼©æ–‡ä»¶done
2109-03-31 15:13:54å‹ç¼©æ–‡ä»¶done
2109-03-31 15:14:00å‹ç¼©æ–‡ä»¶done
2109-03-31 15:14:03å‹ç¼©æ–‡ä»¶done
2109-03-31 15:14:05å‹ç¼©æ–‡ä»¶done
2109-03-31 15:14:06å‹ç¼©æ–‡ä»¶done
2109-03-31 15:14:13å‹ç¼©æ–‡ä»¶done
2109-03-31 15:14:15å‹ç¼©æ–‡ä»¶done
2109-03-31 15:14:15å‹ç¼©æ–‡ä»¶done
2109-03-31 15:14:19å‹ç¼©æ–‡ä»¶done
2109-03-31 15:14:23å‹ç¼©æ–‡ä»¶done
2109-03-31 15:14:25å‹ç¼©æ–‡ä»¶done
2109-03-31 15:14:30å‹ç¼©æ–‡ä»¶done
2109-03-31 15:14:31å‹ç¼©æ–‡ä»¶done
2109-03-31 15:14:33å‹ç¼©æ–‡ä»¶done
2109-03-31 15:14:35å‹ç¼©æ–‡ä»¶done
2109-03-31 15:14:43å‹ç¼©æ–‡ä»¶done
2109-03-31 15:14:44
è‡ªæ£€è¶…è¿‡[33m10[0mæ¬¡,masteræœªå¿ƒè·³
2109-03-31 15:14:44å‘é€ä¿¡å·ready,start heart beat!
2109-03-31 15:14:44å‹ç¼©æ–‡ä»¶done
2109-03-31 15:14:45å‹ç¼©æ–‡ä»¶done
2109-03-31 15:14:45å‹ç¼©æ–‡ä»¶done
2109-03-31 15:14:53å‹ç¼©æ–‡ä»¶done
2109-03-31 15:14:55å‹ç¼©æ–‡ä»¶done
2109-03-31 15:14:56å‹ç¼©æ–‡ä»¶done
2109-03-31 15:15:01å‹ç¼©æ–‡ä»¶done
2109-03-31 15:15:03å‹ç¼©æ–‡ä»¶done
2109-03-31 15:15:05å‹ç¼©æ–‡ä»¶done
2109-03-31 15:15:09
è‡ªæ£€è¶…è¿‡[33m10[0mæ¬¡,masteræœªå¿ƒè·³
2109-03-31 15:15:09å‘é€ä¿¡å·ready,start heart beat!
2109-03-31 15:15:09å‹ç¼©æ–‡ä»¶done
2109-03-31 15:15:13å‹ç¼©æ–‡ä»¶done
2109-03-31 15:15:16å‹ç¼©æ–‡ä»¶done
2109-03-31 15:15:21å‹ç¼©æ–‡ä»¶done
2109-03-31 15:15:23å‹ç¼©æ–‡ä»¶done
2109-03-31 15:15:31å‹ç¼©æ–‡ä»¶done
2109-03-31 15:15:34å‹ç¼©æ–‡ä»¶done
2109-03-31 15:15:34
è‡ªæ£€è¶…è¿‡[33m10[0mæ¬¡,masteræœªå¿ƒè·³
2109-03-31 15:15:34å‘é€ä¿¡å·ready,start heart beat!
2109-03-31 15:15:34å‹ç¼©æ–‡ä»¶done
2109-03-31 15:15:44å‹ç¼©æ–‡ä»¶done
2109-03-31 15:15:46å‹ç¼©æ–‡ä»¶done
2109-03-31 15:15:47å‹ç¼©æ–‡ä»¶done
2109-03-31 15:15:54å‹ç¼©æ–‡ä»¶done
2109-03-31 15:15:59
è‡ªæ£€è¶…è¿‡[33m10[0mæ¬¡,masteræœªå¿ƒè·³
2109-03-31 15:15:59å‘é€ä¿¡å·ready,start heart beat!
2109-03-31 15:15:59å‹ç¼©æ–‡ä»¶done
2109-03-31 15:16:02å‹ç¼©æ–‡ä»¶done
2109-03-31 15:16:04å‹ç¼©æ–‡ä»¶done
2109-03-31 15:20:07---å‹ç¼©æ–‡ä»¶done
2109-03-31 15:20:07---å‹ç¼©æ–‡ä»¶done
2109-03-31 15:20:07---å‹ç¼©æ–‡ä»¶done
2109-03-31 15:20:07---å‹ç¼©æ–‡ä»¶done
2109-03-31 15:20:10---å‹ç¼©æ–‡ä»¶done
2109-03-31 15:20:16---delete ../log/cpu.log-0.gz ok!
2109-03-31 15:20:16---delete ../log/mem.log-0.gz ok!
2109-03-31 15:20:16---delete ../log/disk.log-0.gz ok!
2109-03-31 15:20:16---delete ps.log ok!
2109-03-31 15:20:16---delete ../log/sysinfo.log-0.gz ok!
2109-03-31 15:20:16---delete ../log/userinfo.log-0.gz ok!
2109-03-31 15:20:17---å‹ç¼©æ–‡ä»¶done
2109-03-31 15:20:17---å‹ç¼©æ–‡ä»¶done
2109-03-31 15:20:17---å‹ç¼©æ–‡ä»¶done
2109-03-31 15:20:18---å‹ç¼©æ–‡ä»¶done
2109-03-31 15:20:23---å‹ç¼©æ–‡ä»¶done
2109-03-31 15:20:23---å‹ç¼©æ–‡ä»¶done
2109-03-31 15:20:27---å‹ç¼©æ–‡ä»¶done
2109-03-31 15:20:27---å‹ç¼©æ–‡ä»¶done
2109-03-31 15:20:28---å‹ç¼©æ–‡ä»¶done
2109-03-31 15:20:28---å‹ç¼©æ–‡ä»¶done
2109-03-31 15:20:35---
è‡ªæ£€è¶…è¿‡[33m10[0mæ¬¡,masteræœªå¿ƒè·³
2109-03-31 15:20:35---å‘é€ä¿¡å·ready,start heart beat!
2109-03-31 15:20:35---å‹ç¼©æ–‡ä»¶done
2109-03-31 15:20:36---delete ../log/cpu.log-1.gz ok!
2109-03-31 15:20:36---delete ../log/cpu.log-2.gz ok!
2109-03-31 15:20:36---delete ../log/mem.log-2.gz ok!
2109-03-31 15:20:36---delete ../log/mem.log-1.gz ok!
2109-03-31 15:20:36---delete ../log/disk.log-2.gz ok!
2109-03-31 15:20:36---delete ../log/disk.log-1.gz ok!
2109-03-31 15:20:36---delete ../log/ps.log-0.gz ok!
2109-03-31 15:20:36---delete ../log/sysinfo.log-1.gz ok!
2109-03-31 15:20:36---delete ../log/sysinfo.log-2.gz ok!
2109-03-31 15:20:36---delete ../log/userinfo.log-2.gz ok!
2109-03-31 15:20:36---delete ../log/userinfo.log-1.gz ok!
2109-03-31 15:20:37---å‹ç¼©æ–‡ä»¶done
2109-03-31 15:20:38---å‹ç¼©æ–‡ä»¶done
2109-03-31 15:20:38---å‹ç¼©æ–‡ä»¶done
2109-03-31 15:20:38---å‹ç¼©æ–‡ä»¶done
2109-03-31 15:20:47---å‹ç¼©æ–‡ä»¶done
2109-03-31 15:20:48---å‹ç¼©æ–‡ä»¶done
2109-03-31 15:20:48---å‹ç¼©æ–‡ä»¶done
2109-03-31 15:20:48---å‹ç¼©æ–‡ä»¶done
2109-03-31 15:20:53---å‹ç¼©æ–‡ä»¶done
2109-03-31 15:20:56---delete ../log/cpu.log-3.gz ok!
2109-03-31 15:20:56---delete ../log/mem.log-4.gz ok!
2109-03-31 15:20:56---delete ../log/mem.log-3.gz ok!
2109-03-31 15:20:56---delete ../log/disk.log-3.gz ok!
2109-03-31 15:20:56---fopen error
2109-03-31 15:20:57---å‹ç¼©æ–‡ä»¶done
2109-03-31 15:20:58---å‹ç¼©æ–‡ä»¶done
2109-03-31 15:20:58---å‹ç¼©æ–‡ä»¶done
2109-03-31 15:21:00---å‹ç¼©æ–‡ä»¶done
2109-03-31 15:21:07---å‹ç¼©æ–‡ä»¶done
2109-03-31 15:21:08---å‹ç¼©æ–‡ä»¶done
2109-03-31 15:21:08---å‹ç¼©æ–‡ä»¶done
2109-03-31 15:21:08---å‹ç¼©æ–‡ä»¶done
2109-03-31 15:21:13---
è‡ªæ£€è¶…è¿‡[33m10[0mæ¬¡,masteræœªå¿ƒè·³
2109-03-31 15:21:13---å‘é€ä¿¡å·ready,start heart beat!
2109-03-31 15:21:13---å‹ç¼©æ–‡ä»¶done
2109-03-31 15:21:16---delete ../log/cpu.log-4.gz ok!
2109-03-31 15:21:16---delete ../log/cpu.log-5.gz ok!
2109-03-31 15:21:16---delete ../log/mem.log-5.gz ok!
2109-03-31 15:21:16---delete ../log/mem.log-6.gz ok!
2109-03-31 15:21:16---delete disk.log ok!
2109-03-31 15:21:16---delete ../log/ps.log-2.gz ok!
2109-03-31 15:21:16---delete ../log/ps.log-1.gz ok!
2109-03-31 15:21:16---delete ../log/ps.log-3.gz ok!
2109-03-31 15:21:16---delete ../log/sysinfo.log-6.gz ok!
2109-03-31 15:21:16---delete ../log/sysinfo.log-5.gz ok!
2109-03-31 15:21:16---delete ../log/sysinfo.log-4.gz ok!
2109-03-31 15:21:16---delete ../log/sysinfo.log-3.gz ok!
2109-03-31 15:21:16---delete ../log/userinfo.log-3.gz ok!
2109-03-31 15:21:16---delete ../log/userinfo.log-4.gz ok!
2109-03-31 15:21:16---delete ../log/userinfo.log-6.gz ok!
2109-03-31 15:21:16---delete ../log/userinfo.log-5.gz ok!
2109-03-31 15:21:18---å‹ç¼©æ–‡ä»¶done
2109-03-31 15:21:18---å‹ç¼©æ–‡ä»¶done
2109-03-31 15:21:18---å‹ç¼©æ–‡ä»¶done
2109-03-31 15:21:23---å‹ç¼©æ–‡ä»¶done
2109-03-31 15:21:25---å‹ç¼©æ–‡ä»¶done
2109-03-31 15:21:28---å‹ç¼©æ–‡ä»¶done
2109-03-31 15:21:28---å‹ç¼©æ–‡ä»¶done
2109-03-31 15:21:28---å‹ç¼©æ–‡ä»¶done
2109-03-31 15:21:38---å‹ç¼©æ–‡ä»¶done
2109-03-31 15:21:38---
è‡ªæ£€è¶…è¿‡[33m10[0mæ¬¡,masteræœªå¿ƒè·³
2109-03-31 15:21:38---å‘é€ä¿¡å·ready,start heart beat!
2109-03-31 15:21:38---å‹ç¼©æ–‡ä»¶done
2109-03-31 15:21:38---å‹ç¼©æ–‡ä»¶done
2109-03-31 15:21:39---å‹ç¼©æ–‡ä»¶done
2109-03-31 15:21:39---å‹ç¼©æ–‡ä»¶done
2109-03-31 15:21:48---å‹ç¼©æ–‡ä»¶done
2109-03-31 15:21:49---å‹ç¼©æ–‡ä»¶done
2109-03-31 15:21:54---å‹ç¼©æ–‡ä»¶done
2109-03-31 15:21:58---å‹ç¼©æ–‡ä»¶done
2109-03-31 15:21:59---å‹ç¼©æ–‡ä»¶done
2109-03-31 15:22:00---å‹ç¼©æ–‡ä»¶done
2109-03-31 15:22:08---å‹ç¼©æ–‡ä»¶done
2109-03-31 15:22:09---å‹ç¼©æ–‡ä»¶done
2109-03-31 15:22:09---å‹ç¼©æ–‡ä»¶done
2109-03-31 15:22:13---å‹ç¼©æ–‡ä»¶done
2109-03-31 15:22:18---å‹ç¼©æ–‡ä»¶done
2109-03-31 15:22:19---å‹ç¼©æ–‡ä»¶done
2109-03-31 15:22:24---å‹ç¼©æ–‡ä»¶done
2109-03-31 15:22:25---
è‡ªæ£€è¶…è¿‡[33m10[0mæ¬¡,masteræœªå¿ƒè·³
2109-03-31 15:22:25---å‘é€ä¿¡å·ready,start heart beat!
2109-03-31 15:22:25---å‹ç¼©æ–‡ä»¶done
2109-03-31 15:22:28---å‹ç¼©æ–‡ä»¶done
2109-03-31 15:22:29---å‹ç¼©æ–‡ä»¶done
2109-03-31 15:22:38---å‹ç¼©æ–‡ä»¶done
2109-03-31 15:22:38---å‹ç¼©æ–‡ä»¶done
2109-03-31 15:22:39---å‹ç¼©æ–‡ä»¶done
2109-03-31 15:22:39---å‹ç¼©æ–‡ä»¶done
2109-03-31 15:22:48---å‹ç¼©æ–‡ä»¶done
2109-03-31 15:22:49---å‹ç¼©æ–‡ä»¶done
2109-03-31 15:22:50---å‹ç¼©æ–‡ä»¶done
2109-03-31 15:22:55---å‹ç¼©æ–‡ä»¶done
2109-03-31 15:22:58---å‹ç¼©æ–‡ä»¶done
2109-03-31 15:22:59---å‹ç¼©æ–‡ä»¶done
2109-03-31 15:23:03---
è‡ªæ£€è¶…è¿‡[33m10[0mæ¬¡,masteræœªå¿ƒè·³
2109-03-31 15:23:03---å‘é€ä¿¡å·ready,start heart beat!
2109-03-31 15:23:03---å‹ç¼©æ–‡ä»¶done
2109-03-31 15:23:08---å‹ç¼©æ–‡ä»¶done
2109-03-31 15:23:10---å‹ç¼©æ–‡ä»¶done
2109-03-31 15:23:10---å‹ç¼©æ–‡ä»¶done
2109-03-31 15:23:16---å‹ç¼©æ–‡ä»¶done
2109-03-31 15:23:18---å‹ç¼©æ–‡ä»¶done
2109-03-31 15:23:20---å‹ç¼©æ–‡ä»¶done
2109-03-31 15:23:25---å‹ç¼©æ–‡ä»¶done
2109-03-31 15:23:28---å‹ç¼©æ–‡ä»¶done
2109-03-31 15:23:28---å‹ç¼©æ–‡ä»¶done
2109-03-31 15:23:30---å‹ç¼©æ–‡ä»¶done
2109-03-31 15:23:38---å‹ç¼©æ–‡ä»¶done
2109-03-31 15:23:40---å‹ç¼©æ–‡ä»¶done
2109-03-31 15:23:40---å‹ç¼©æ–‡ä»¶done
2109-03-31 15:23:41---å‹ç¼©æ–‡ä»¶done
2109-03-31 15:23:48---å‹ç¼©æ–‡ä»¶done
2109-03-31 15:23:53---å‹ç¼©æ–‡ä»¶done
2109-03-31 15:23:56---å‹ç¼©æ–‡ä»¶done
2109-03-31 15:23:58---å‹ç¼©æ–‡ä»¶done
2109-03-31 15:24:06---
è‡ªæ£€è¶…è¿‡[33m10[0mæ¬¡,masteræœªå¿ƒè·³
2109-03-31 15:24:06---å‘é€ä¿¡å·ready,start heart beat!
2109-03-31 15:24:06---å‹ç¼©æ–‡ä»¶done
2109-03-31 15:24:08---å‹ç¼©æ–‡ä»¶done
2109-03-31 15:24:11---å‹ç¼©æ–‡ä»¶done
2109-03-31 15:24:18---å‹ç¼©æ–‡ä»¶done
2109-03-31 15:24:19---å‹ç¼©æ–‡ä»¶done
2109-03-31 15:24:26---å‹ç¼©æ–‡ä»¶done
2109-03-31 15:24:28---å‹ç¼©æ–‡ä»¶done
2109-03-31 15:24:31---
è‡ªæ£€è¶…è¿‡[33m10[0mæ¬¡,masteræœªå¿ƒè·³
2109-03-31 15:24:31---å‘é€ä¿¡å·ready,start heart beat!
2109-03-31 15:24:31---å‹ç¼©æ–‡ä»¶done
2109-03-31 15:24:38---å‹ç¼©æ–‡ä»¶done
2109-03-31 15:24:41---å‹ç¼©æ–‡ä»¶done
2109-03-31 15:24:44---å‹ç¼©æ–‡ä»¶done
2109-03-31 15:24:48---å‹ç¼©æ–‡ä»¶done
2109-03-31 15:24:56---
è‡ªæ£€è¶…è¿‡[33m10[0mæ¬¡,masteræœªå¿ƒè·³
2109-03-31 15:24:56---å‘é€ä¿¡å·ready,start heart beat!
2109-03-31 15:24:56---å‹ç¼©æ–‡ä»¶done
2109-03-31 15:24:57---å‹ç¼©æ–‡ä»¶done
2109-03-31 15:24:58---å‹ç¼©æ–‡ä»¶done
2109-03-31 15:25:09---å‹ç¼©æ–‡ä»¶done
2109-03-31 15:25:09---å‹ç¼©æ–‡ä»¶done
2109-03-31 15:25:12---å‹ç¼©æ–‡ä»¶done
2109-03-31 15:25:19---å‹ç¼©æ–‡ä»¶done
2109-03-31 15:25:21---
è‡ªæ£€è¶…è¿‡[33m10[0mæ¬¡,masteræœªå¿ƒè·³
2109-03-31 15:25:21---å‘é€ä¿¡å·ready,start heart beat!
2109-03-31 15:25:21---å‹ç¼©æ–‡ä»¶done
2109-03-31 15:25:27---å‹ç¼©æ–‡ä»¶done
2109-03-31 15:25:29---å‹ç¼©æ–‡ä»¶done
2109-03-31 15:25:34---å‹ç¼©æ–‡ä»¶done
2109-03-31 15:25:39---å‹ç¼©æ–‡ä»¶done
2109-03-31 15:25:39---å‹ç¼©æ–‡ä»¶done
2109-03-31 15:25:39---å‹ç¼©æ–‡ä»¶done
2109-03-31 15:25:39---å‹ç¼©æ–‡ä»¶done
2109-03-31 15:25:42---å‹ç¼©æ–‡ä»¶done
2109-03-31 15:25:49---å‹ç¼©æ–‡ä»¶done
2109-03-31 15:25:49---å‹ç¼©æ–‡ä»¶done
2109-03-31 15:25:49---å‹ç¼©æ–‡ä»¶done
2109-03-31 15:25:49---å‹ç¼©æ–‡ä»¶done
2109-03-31 15:25:54---å‹ç¼©æ–‡ä»¶done
2109-03-31 15:25:59---å‹ç¼©æ–‡ä»¶done
2109-03-31 15:25:59---å‹ç¼©æ–‡ä»¶done
2109-03-31 15:26:00---å‹ç¼©æ–‡ä»¶done
2109-03-31 15:26:00---å‹ç¼©æ–‡ä»¶done
2109-03-31 15:26:07---å‹ç¼©æ–‡ä»¶done
2109-03-31 15:26:09---å‹ç¼©æ–‡ä»¶done
2109-03-31 15:26:10---å‹ç¼©æ–‡ä»¶done
2109-03-31 15:26:10---å‹ç¼©æ–‡ä»¶done
2109-03-31 15:26:15---å‹ç¼©æ–‡ä»¶done
2109-03-31 15:26:19---å‹ç¼©æ–‡ä»¶done
2109-03-31 15:26:20---å‹ç¼©æ–‡ä»¶done
2109-03-31 15:26:20---å‹ç¼©æ–‡ä»¶done
2109-03-31 15:26:20---å‹ç¼©æ–‡ä»¶done
2109-03-31 15:26:29---å‹ç¼©æ–‡ä»¶done
2109-03-31 15:26:30---å‹ç¼©æ–‡ä»¶done
2109-03-31 15:26:30---å‹ç¼©æ–‡ä»¶done
2109-03-31 15:26:30---å‹ç¼©æ–‡ä»¶done
2109-03-31 15:26:32---
è‡ªæ£€è¶…è¿‡[33m10[0mæ¬¡,masteræœªå¿ƒè·³
2109-03-31 15:26:32---å‘é€ä¿¡å·ready,start heart beat!
2109-03-31 15:26:32---å‹ç¼©æ–‡ä»¶done
2109-03-31 15:26:40---å‹ç¼©æ–‡ä»¶done
2109-03-31 15:26:40---å‹ç¼©æ–‡ä»¶done
2109-03-31 15:26:40---å‹ç¼©æ–‡ä»¶done
2109-03-31 15:26:45---å‹ç¼©æ–‡ä»¶done
2109-03-31 15:26:45---å‹ç¼©æ–‡ä»¶done
2109-03-31 15:26:50---å‹ç¼©æ–‡ä»¶done
2109-03-31 15:26:50---å‹ç¼©æ–‡ä»¶done
2109-03-31 15:26:50---å‹ç¼©æ–‡ä»¶done
2109-03-31 15:26:57---å‹ç¼©æ–‡ä»¶done
2109-03-31 15:27:00---å‹ç¼©æ–‡ä»¶done
2109-03-31 15:27:00---å‹ç¼©æ–‡ä»¶done
2109-03-31 15:27:00---å‹ç¼©æ–‡ä»¶done
2109-03-31 15:27:00---å‹ç¼©æ–‡ä»¶done
2109-03-31 15:27:10---å‹ç¼©æ–‡ä»¶done
2109-03-31 15:27:10---
è‡ªæ£€è¶…è¿‡[33m10[0mæ¬¡,masteræœªå¿ƒè·³
2109-03-31 15:27:10---å‘é€ä¿¡å·ready,start heart beat!
2109-03-31 15:27:10---å‹ç¼©æ–‡ä»¶done
2109-03-31 15:27:10---å‹ç¼©æ–‡ä»¶done
2109-03-31 15:27:11---å‹ç¼©æ–‡ä»¶done
2109-03-31 15:27:16---å‹ç¼©æ–‡ä»¶done
2109-03-31 15:27:20---å‹ç¼©æ–‡ä»¶done
2109-03-31 15:27:21---å‹ç¼©æ–‡ä»¶done
2109-03-31 15:27:23---å‹ç¼©æ–‡ä»¶done
2109-03-31 15:27:30---å‹ç¼©æ–‡ä»¶done
2109-03-31 15:27:31---å‹ç¼©æ–‡ä»¶done
2109-03-31 15:27:31---å‹ç¼©æ–‡ä»¶done
2109-03-31 15:27:35---å‹ç¼©æ–‡ä»¶done
2109-03-31 15:27:40---å‹ç¼©æ–‡ä»¶done
2109-03-31 15:27:41---å‹ç¼©æ–‡ä»¶done
2109-03-31 15:36:43---å‹ç¼©æ–‡ä»¶done
2109-03-31 15:36:43---å‹ç¼©æ–‡ä»¶done
2109-03-31 15:36:43---å‹ç¼©æ–‡ä»¶done
2109-03-31 15:36:43---å‹ç¼©æ–‡ä»¶done
2109-03-31 15:36:46---å‹ç¼©æ–‡ä»¶done
2109-03-31 15:36:53---å‹ç¼©æ–‡ä»¶done
2109-03-31 15:36:53---å‹ç¼©æ–‡ä»¶done
2109-03-31 15:36:53---å‹ç¼©æ–‡ä»¶done
2109-03-31 15:36:54---å‹ç¼©æ–‡ä»¶done
2109-03-31 15:36:54---delete ../log/cpu.log-0.gz ok!
2109-03-31 15:36:54---delete ../log/mem.log-0.gz ok!
2109-03-31 15:36:54---delete ../log/mem.log-1.gz ok!
2109-03-31 15:36:54---delete ../log/disk.log-0.gz ok!
2109-03-31 15:36:54---delete ../log/disk.log-1.gz ok!
2109-03-31 15:36:54---delete ps.log ok!
2109-03-31 15:36:54---delete ../log/sysinfo.log-1.gz ok!
2109-03-31 15:36:54---delete ../log/sysinfo.log-0.gz ok!
2109-03-31 15:36:54---delete ../log/userinfo.log-0.gz ok!
2109-03-31 15:36:54---delete ../log/userinfo.log-1.gz ok!
2109-03-31 15:36:58---å‹ç¼©æ–‡ä»¶done
2109-03-31 15:37:03---å‹ç¼©æ–‡ä»¶done
2109-03-31 15:37:03---å‹ç¼©æ–‡ä»¶done
2109-03-31 15:37:04---å‹ç¼©æ–‡ä»¶done
2109-03-31 15:37:04---å‹ç¼©æ–‡ä»¶done
2109-03-31 15:37:09---å‹ç¼©æ–‡ä»¶done
2109-03-31 15:37:11---
è‡ªæ£€è¶…è¿‡[33m10[0mæ¬¡,masteræœªå¿ƒè·³
2109-03-31 15:37:11---å‘é€ä¿¡å·ready,start heart beat!
2109-03-31 15:37:11---å‹ç¼©æ–‡ä»¶done
2109-03-31 15:37:13---å‹ç¼©æ–‡ä»¶done
2109-03-31 15:37:14---å‹ç¼©æ–‡ä»¶done
2109-03-31 15:37:14---å‹ç¼©æ–‡ä»¶done
2109-03-31 15:37:14---delete ../log/cpu.log-1.gz ok!
2109-03-31 15:37:14---delete ../log/cpu.log-2.gz ok!
2109-03-31 15:37:14---delete ../log/mem.log-2.gz ok!
2109-03-31 15:37:14---delete ../log/mem.log-3.gz ok!
2109-03-31 15:37:14---delete ../log/disk.log-2.gz ok!
2109-03-31 15:37:14---delete ../log/disk.log-3.gz ok!
2109-03-31 15:37:14---fopen error
2109-03-31 15:37:23---å‹ç¼©æ–‡ä»¶done
2109-03-31 15:37:24---å‹ç¼©æ–‡ä»¶done
2109-03-31 15:37:24---å‹ç¼©æ–‡ä»¶done
2109-03-31 15:37:24---å‹ç¼©æ–‡ä»¶done
2109-03-31 15:37:24---å‹ç¼©æ–‡ä»¶done
2109-03-31 15:37:34---å‹ç¼©æ–‡ä»¶done
2109-03-31 15:37:34---å‹ç¼©æ–‡ä»¶done
2109-03-31 15:37:34---å‹ç¼©æ–‡ä»¶done
2109-03-31 15:37:34---delete ../log/cpu.log-3.gz ok!
2109-03-31 15:37:34---delete ../log/mem.log-4.gz ok!
2109-03-31 15:37:34---delete ../log/mem.log-5.gz ok!
2109-03-31 15:37:34---delete disk.log ok!
2109-03-31 15:37:34---delete ../log/ps.log-1.gz ok!
2109-03-31 15:37:34---delete ../log/ps.log-0.gz ok!
2109-03-31 15:37:34---delete ../log/sysinfo.log-5.gz ok!
2109-03-31 15:37:34---delete ../log/sysinfo.log-4.gz ok!
2109-03-31 15:37:34---delete ../log/sysinfo.log-3.gz ok!
2109-03-31 15:37:34---delete ../log/sysinfo.log-2.gz ok!
2109-03-31 15:37:34---delete ../log/userinfo.log-2.gz ok!
2109-03-31 15:37:34---delete ../log/userinfo.log-3.gz ok!
2109-03-31 15:37:34---delete ../log/userinfo.log-4.gz ok!
2109-03-31 15:37:34---delete ../log/userinfo.log-5.gz ok!
2109-03-31 15:37:36---å‹ç¼©æ–‡ä»¶done
2109-03-31 15:37:39---å‹ç¼©æ–‡ä»¶done
2109-03-31 15:37:44---å‹ç¼©æ–‡ä»¶done
2109-03-31 15:37:44---å‹ç¼©æ–‡ä»¶done
2109-03-31 15:37:44---å‹ç¼©æ–‡ä»¶done
2109-03-31 15:37:49---å‹ç¼©æ–‡ä»¶done
2109-03-31 15:37:54---å‹ç¼©æ–‡ä»¶done
2109-03-31 15:37:54---å‹ç¼©æ–‡ä»¶done
2109-03-31 15:37:54---å‹ç¼©æ–‡ä»¶done
2109-03-31 15:37:54---å‹ç¼©æ–‡ä»¶done
2109-03-31 15:38:01---å‹ç¼©æ–‡ä»¶done
2109-03-31 15:38:04---å‹ç¼©æ–‡ä»¶done
2109-03-31 15:38:04---å‹ç¼©æ–‡ä»¶done
2109-03-31 15:38:04---å‹ç¼©æ–‡ä»¶done
2109-03-31 15:38:10---å‹ç¼©æ–‡ä»¶done
2109-03-31 15:38:14---å‹ç¼©æ–‡ä»¶done
2109-03-31 15:38:14---
è‡ªæ£€è¶…è¿‡[33m10[0mæ¬¡,masteræœªå¿ƒè·³
2109-03-31 15:38:14---å‘é€ä¿¡å·ready,start heart beat!
2109-03-31 15:38:14---å‹ç¼©æ–‡ä»¶done
2109-03-31 15:38:14---å‹ç¼©æ–‡ä»¶done
2109-03-31 15:38:14---å‹ç¼©æ–‡ä»¶done
2109-03-31 15:38:24---å‹ç¼©æ–‡ä»¶done
2109-03-31 15:38:24---å‹ç¼©æ–‡ä»¶done
2109-03-31 15:38:25---å‹ç¼©æ–‡ä»¶done
2109-03-31 15:38:26---å‹ç¼©æ–‡ä»¶done
2109-03-31 15:52:06---delete ../log/cpu.log-6.gz ok!
2109-03-31 15:52:06---fopen error
2109-03-31 15:52:26---delete cpu.log ok!
2109-03-31 15:52:26---delete ../log/cpu.log-7.gz ok!
2109-03-31 15:52:26---delete ../log/cpu.log-4.gz ok!
2109-03-31 15:52:26---delete ../log/cpu.log-8.gz ok!
2109-03-31 15:52:26---delete ../log/cpu.log-5.gz ok!
2109-03-31 15:52:26---delete ../log/mem.log-9.gz ok!
2109-03-31 15:52:26---delete ../log/mem.log-8.gz ok!
2109-03-31 15:52:26---fopen error
2109-03-31 15:54:15---delete cpu.log ok!
2109-03-31 15:54:15---delete mem.log ok!
2109-03-31 15:54:37---
è‡ªæ£€è¶…è¿‡[33m10[0mæ¬¡,masteræœªå¿ƒè·³
2109-03-31 15:54:37---å‘é€ä¿¡å·ready,start heart beat!
2109-03-31 15:55:02---
è‡ªæ£€è¶…è¿‡[33m10[0mæ¬¡,masteræœªå¿ƒè·³
2109-03-31 15:55:02---å‘é€ä¿¡å·ready,start heart beat!
